<?xml version='1.0' encoding='UTF-8'?>
<testsuite hostname="DESKTOP-3LHL95O" name="CollitionTest" tests="7" errors="0" failures="0" skipped="0" time="0.012" timestamp="2022-01-02T13:05:20">
                     <properties>
[...]
</properties>
                     <testcase classname="CollitionTest" name="Collision  Effect apply to a Egg when egg collide with simple plant and predactor increase the life of the eggs and would be greatheet that the previeos value" time="0.002">
                                                 
                                               </testcase><testcase classname="CollitionTest" name="Collision  Effect apply to a Egg when egg collide with simple plant and predactor egg life  value" time="0.001">
                                                 
                                               </testcase><testcase classname="CollitionTest" name="Collision  Effect apply to a Egg when egg collide with simple plant and predactor dicrease the life of the egg and would be small than the previeos value" time="0.002">
                                                 
                                               </testcase><testcase classname="CollitionTest" name="kvfv larva and predactor dicrese" time="0.001">
                                                 
                                               </testcase><testcase classname="CollitionTest" name="kvfv increase the life of Larva when collide with a simple plan" time="0.002">
                                                 
                                               </testcase><testcase classname="CollitionTest" name="pu increase the life of adult buuuterflay when collide with a simple plan" time="0.002">
                                                 
                                               </testcase><testcase classname="CollitionTest" name="pu increase the life of larva when collide with a simple plan" time="0.002">
                                                 
                                               </testcase>
                     <system-out><![CDATA[]]></system-out>
                     <system-err><![CDATA[]]></system-err>
                   </testsuite>